100011111111111111111111101111000
000011111111111111111111110000000
000011111111111111111111110011000
000011111111111111111111110100000
000011111111111111111111110101000
000011111111111111111111110110000
000011111111111111111111110111000
000011111111111111111111111000000
000011111111111111111111111001000
000011111111111111111111111010000
000011111111111111111111111011000
000011111111111111111111111100000
000011111111111111111111111101000
000011111111111111111111111110000
000011111111111111111111111111000
000100000000000000000000000000000
000100000000000000000000000001000
000100000000000000000000000010000
000100000000000000000000000011000
000100000000000000000000000100000
000100000000000000000000000101000
000100000000000000000000000110000
000100000000000000000000000111000
000100000000000000000000001000000
000100000000000000000000001001000
000100000000000000000000001010000
000100000000000000000000001011000
000110000000000000111010100110000
100110000000000001100110101001000
100110000000000001100110101010000
100110000000000001100110101000000
100110000000000001100110101011000
000011111111111111111111101110000
100110000000000001100110101101000
000110000000000000000000000001000
000110000000000001100110101011000
000110000000000001100110101001000
000110000000000001100110101010000
000110000000000001100110101000000
000011111111111111111111101110000
000110000000000001100110101100000
000011111111111111111111110000000
000011111111111111111111110000000
000110000000000001100110101100000
000011111111111111111111110010000
000011111111111111111111110010000
000011111111111111111111110010000
000011111111111111111111110010000
000011111111111111111111101110000
100110000000000001100110101101000
000110000000000000000000000001000
000110000000000001100110101011000
000110000000000001100110101001000
000110000000000001100110101010000
000110000000000001100110101000000
000011111111111111111111101110000
000110000000000001100110101100000
000011111111111111111111110000000
000011111111111111111111110000000
000110000000000001100110101100000
000011111111111111111111110010000
100011111111111111111111101101000
100011111111111111111111101100000
000011111111111111111111101101000
000011111111111111111111101101000
100011111111111111111111101011000
100011111111111111111111101010000
000110000000000001100100100110000
000011111111111111111111101010000
000011111111111111111111101011000
000011111111111111111111101101000
000011111111111111111111101100000
000011111111111111111111101110000
000011111111111111111111110000000
100001111111111110111100110111000
000001111111111101010110001011000
000001111111111110111100110101000
000001111111111110111100110011000
000001111111111110111100110100000
000001111111111110111100110010000
000011111111111111111111110000000
000110000000000001100110101100000
000011111111111111111111110010000
000011111111111111111111110010000
000110000000000001100110101100000
000011111111111111111111110100000
000011111111111111111111110100000
000011111111111111111111110100000
000011111111111111111111110100000
000011111111111111111111110010000
100011111111111111111111110010000
100011111111111111111111110011000
000011111111111111111111110010000
000001111111111110010000100101000
000011111111111111111111101010000
000110000000000001001010001111000
100110000000000000011000100101000
100110000000000000011000101100000
100110000000000000011000110011000
000000011000000000000100101001000