Time resolution is 1 ps
 Block Memory Generator module loading initial data...
 Block Memory Generator data initialization complete.
Block Memory Generator module TopModuleTB.tb.bramWrapper.bram_i.blk_mem_gen_0.inst.\native_mem_module.blk_mem_gen_v8_4_5_inst  is using a behavioral model for simulation which will not precisely model memory collision behavior.
current_instr = 100011111111111111111111101111000
Cache miss: miss_count =   1
current_instr = 000011111111111111111111110000000
Cache miss: miss_count =   2
current_instr = 000011111111111111111111110011000
Cache miss: miss_count =   3
current_instr = 000011111111111111111111110100000
Cache miss: miss_count =   4
current_instr = 000011111111111111111111110101000
Cache hit: hit_count =   1
current_instr = 000011111111111111111111110110000
Cache miss: miss_count =   5
current_instr = 000011111111111111111111110111000
Cache hit: hit_count =   2
current_instr = 000011111111111111111111111000000
Cache miss: miss_count =   6
current_instr = 000011111111111111111111111001000
Cache hit: hit_count =   3
current_instr = 000011111111111111111111111010000
Cache miss: miss_count =   7
current_instr = 000011111111111111111111111011000
Cache hit: hit_count =   4
current_instr = 000011111111111111111111111100000
Cache miss: miss_count =   8
current_instr = 000011111111111111111111111101000
Cache hit: hit_count =   5
current_instr = 000011111111111111111111111110000
Cache miss: miss_count =   9
current_instr = 000011111111111111111111111111000
Cache hit: hit_count =   6
current_instr = 000100000000000000000000000000000
Cache miss: miss_count =  10
current_instr = 000100000000000000000000000001000
Cache hit: hit_count =   7
current_instr = 000100000000000000000000000010000
Cache miss: miss_count =  11
current_instr = 000100000000000000000000000011000
Cache hit: hit_count =   8
current_instr = 000100000000000000000000000100000
Cache miss: miss_count =  12
current_instr = 000100000000000000000000000101000
Cache hit: hit_count =   9
current_instr = 000100000000000000000000000110000
Cache miss: miss_count =  13
current_instr = 000100000000000000000000000111000
Cache hit: hit_count =  10
current_instr = 000100000000000000000000001000000
Cache miss: miss_count =  14
current_instr = 000100000000000000000000001001000
Cache hit: hit_count =  11
current_instr = 000100000000000000000000001010000
Cache miss: miss_count =  15
current_instr = 000100000000000000000000001011000
Cache hit: hit_count =  12
current_instr = 000110000000000000111010100110000
Cache miss: miss_count =  16
current_instr = 100110000000000001100110101001000
Cache miss: miss_count =  17
current_instr = 100110000000000001100110101010000
Cache miss: miss_count =  18
current_instr = 100110000000000001100110101000000
Cache hit: hit_count =  13
current_instr = 100110000000000001100110101011000
Cache hit: hit_count =  14
current_instr = 000011111111111111111111101110000
Cache hit: hit_count =  15
current_instr = 100110000000000001100110101101000
Cache miss: miss_count =  19
current_instr = 000110000000000000000000000001000
Cache miss: miss_count =  20
current_instr = 000110000000000001100110101011000
Cache hit: hit_count =  16
current_instr = 000110000000000001100110101001000
Cache hit: hit_count =  17
current_instr = 000110000000000001100110101010000
Cache hit: hit_count =  18
current_instr = 000110000000000001100110101000000
Cache hit: hit_count =  19
current_instr = 000011111111111111111111101110000
Cache hit: hit_count =  20
current_instr = 000110000000000001100110101100000
Cache hit: hit_count =  21
current_instr = 000011111111111111111111110000000
Cache hit: hit_count =  22
current_instr = 000011111111111111111111110000000
Cache hit: hit_count =  23
current_instr = 000110000000000001100110101100000
Cache hit: hit_count =  24
current_instr = 000011111111111111111111110010000
Cache hit: hit_count =  25
current_instr = 000011111111111111111111110010000
Cache hit: hit_count =  26
current_instr = 000011111111111111111111110010000
Cache hit: hit_count =  27
current_instr = 000011111111111111111111110010000
Cache hit: hit_count =  28
current_instr = 000011111111111111111111101110000
Cache hit: hit_count =  29
current_instr = 100110000000000001100110101101000
Cache hit: hit_count =  30
current_instr = 000110000000000000000000000001000
Cache hit: hit_count =  31
current_instr = 000110000000000001100110101011000
Cache hit: hit_count =  32
current_instr = 000110000000000001100110101001000
Cache hit: hit_count =  33
current_instr = 000110000000000001100110101010000
Cache hit: hit_count =  34
current_instr = 000110000000000001100110101000000
Cache hit: hit_count =  35
current_instr = 000011111111111111111111101110000
Cache hit: hit_count =  36
current_instr = 000110000000000001100110101100000
Cache hit: hit_count =  37
current_instr = 000011111111111111111111110000000
Cache hit: hit_count =  38
current_instr = 000011111111111111111111110000000
Cache hit: hit_count =  39
current_instr = 000110000000000001100110101100000
Cache hit: hit_count =  40
current_instr = 000011111111111111111111110010000
Cache hit: hit_count =  41
current_instr = 100011111111111111111111101101000
Cache miss: miss_count =  21
current_instr = 100011111111111111111111101100000
Cache hit: hit_count =  42
current_instr = 000011111111111111111111101101000
Cache hit: hit_count =  43
current_instr = 000011111111111111111111101101000
Cache hit: hit_count =  44
current_instr = 100011111111111111111111101011000
Cache miss: miss_count =  22
current_instr = 100011111111111111111111101010000
Cache hit: hit_count =  45
current_instr = 000110000000000001100100100110000
Cache miss: miss_count =  23
current_instr = 000011111111111111111111101010000
Cache hit: hit_count =  46
current_instr = 000011111111111111111111101011000
Cache hit: hit_count =  47
current_instr = 000011111111111111111111101101000
Cache hit: hit_count =  48
current_instr = 000011111111111111111111101100000
Cache hit: hit_count =  49
current_instr = 000011111111111111111111101110000
Cache hit: hit_count =  50
current_instr = 000011111111111111111111110000000
Cache hit: hit_count =  51
current_instr = 100001111111111110111100110111000
Cache miss: miss_count =  24
current_instr = 000001111111111101010110001011000
Cache miss: miss_count =  25
current_instr = 000001111111111110111100110101000
Cache miss: miss_count =  26
current_instr = 000001111111111110111100110011000
Cache miss: miss_count =  27
current_instr = 000001111111111110111100110100000
Cache hit: hit_count =  52
current_instr = 000001111111111110111100110010000
Cache hit: hit_count =  53
current_instr = 000011111111111111111111110000000
Cache hit: hit_count =  54
current_instr = 000110000000000001100110101100000
Cache hit: hit_count =  55
current_instr = 000011111111111111111111110010000
Cache hit: hit_count =  56
current_instr = 000011111111111111111111110010000
Cache hit: hit_count =  57
current_instr = 000110000000000001100110101100000
Cache hit: hit_count =  58
current_instr = 000011111111111111111111110100000
Cache hit: hit_count =  59
current_instr = 000011111111111111111111110100000
Cache hit: hit_count =  60
current_instr = 000011111111111111111111110100000
Cache hit: hit_count =  61
current_instr = 000011111111111111111111110100000
Cache hit: hit_count =  62
current_instr = 000011111111111111111111110010000
Cache hit: hit_count =  63
current_instr = 100011111111111111111111110010000
Cache hit: hit_count =  64
current_instr = 100011111111111111111111110011000
Cache hit: hit_count =  65
current_instr = 000011111111111111111111110010000
Cache hit: hit_count =  66
current_instr = 000001111111111110010000100101000
Cache miss: miss_count =  28
current_instr = 000011111111111111111111101010000
Cache hit: hit_count =  67
current_instr = 000110000000000001001010001111000
Cache miss: miss_count =  29
current_instr = 100110000000000000011000100101000
Cache miss: miss_count =  30
current_instr = 100110000000000000011000101100000
Cache miss: miss_count =  31
current_instr = 100110000000000000011000110011000
Cache miss: miss_count =  32
current_instr = 000110000000000001001010010001000
Cache miss: miss_count =  33
current_instr = 000110000000000001001010001010000
Cache miss: miss_count =  34
current_instr = 000110000000000000010111111011000
Cache miss: miss_count =  35
current_instr = 100011111111111111111111101000000
Cache miss: miss_count =  36
current_instr = 000011111111111111111111101000000
Cache hit: hit_count =  68
current_instr = 000011111111111111111111101010000
Cache hit: hit_count =  69
current_instr = 000110000000000001001110110100100
Cache miss: miss_count =  37
current_instr = 100110000000000001101001001010100
Cache miss: miss_count =  38
current_instr = 000011111111111111111111101100000
Cache hit: hit_count =  70
current_instr = 000011111111111111111111101101000
Cache hit: hit_count =  71
current_instr = 100110000000000001101001001010100
Cache hit: hit_count =  72
current_instr = 000011111111111111111111101110000
Cache hit: hit_count =  73
current_instr = 000011111111111111111111101111000
Cache hit: hit_count =  74
current_instr = 000011111111111111111111110001000
Cache hit: hit_count =  75
current_instr = 000011111111111111111111110000000
Cache hit: hit_count =  76
current_instr = 000011111111111111111111110010000
Cache hit: hit_count =  77
current_instr = 000011111111111111111111110100000
Cache hit: hit_count =  78
current_instr = 100001111111111110111100110111000
Cache hit: hit_count =  79
current_instr = 000001111111111101010110001011000
Cache hit: hit_count =  80
current_instr = 000001111111111110111100110101000
Cache hit: hit_count =  81
current_instr = 000001111111111110111100110011000
Cache hit: hit_count =  82
current_instr = 000001111111111110111100110100000
Cache hit: hit_count =  83
current_instr = 000001111111111110111100110010000
Cache hit: hit_count =  84
current_instr = 000011111111111111111111110100000
Cache hit: hit_count =  85
current_instr = 000110000000000001100110101100000
Cache hit: hit_count =  86
current_instr = 000011111111111111111111110110000
Cache hit: hit_count =  87
current_instr = 000011111111111111111111110110000
Cache hit: hit_count =  88
current_instr = 000110000000000001100110101100000
Cache hit: hit_count =  89
current_instr = 000011111111111111111111111000000
Cache hit: hit_count =  90
current_instr = 000011111111111111111111111000000
Cache hit: hit_count =  91
current_instr = 000011111111111111111111111000000
Cache hit: hit_count =  92
current_instr = 000011111111111111111111111000000
Cache hit: hit_count =  93
current_instr = 000011111111111111111111110110000
Cache hit: hit_count =  94
current_instr = 100011111111111111111111110110000
Cache hit: hit_count =  95
current_instr = 100011111111111111111111110111000
Cache hit: hit_count =  96
current_instr = 000011111111111111111111110110000
Cache hit: hit_count =  97
current_instr = 000001111111111110010000100101000
Cache hit: hit_count =  98
current_instr = 000011111111111111111111110110000
Cache hit: hit_count =  99
current_instr = 000011111111111111111111110110000
Cache hit: hit_count = 100
current_instr = 000011111111111111111111111000000
Cache hit: hit_count = 101
current_instr = 000011111111111111111111111000000
Cache hit: hit_count = 102
current_instr = 000011111111111111111111111010000
Cache hit: hit_count = 103
current_instr = 000011111111111111111111111010000
Cache hit: hit_count = 104
current_instr = 000011111111111111111111111100000
Cache hit: hit_count = 105
current_instr = 000011111111111111111111111100000
Cache hit: hit_count = 106
current_instr = 000001111111111110010000100101000
Cache hit: hit_count = 107
current_instr = 000011111111111111111111111110000
Cache hit: hit_count = 108
current_instr = 000011111111111111111111111110000
Cache hit: hit_count = 109
current_instr = 000100000000000000000000000000000
Cache hit: hit_count = 110
current_instr = 000100000000000000000000000000000
Cache hit: hit_count = 111
current_instr = 000100000000000000000000000010000
Cache hit: hit_count = 112
current_instr = 000100000000000000000000000010000
Cache hit: hit_count = 113
current_instr = 000100000000000000000000000100000
Cache hit: hit_count = 114
current_instr = 000100000000000000000000000100000
Cache hit: hit_count = 115
current_instr = 100011111111111111111111100011000
Cache miss: miss_count =  39
current_instr = 100011111111111111111111100100000
Cache miss: miss_count =  40
current_instr = 100011111111111111111111100101000
Cache hit: hit_count = 116
current_instr = 100011111111111111111111100110000
Cache miss: miss_count =  41
current_instr = 000011111111111111111111100010000
Cache hit: hit_count = 117
current_instr = 100011111111111111111111100010000
Cache hit: hit_count = 118
current_instr = 000110000000000001100100011000100
Cache miss: miss_count =  42
current_instr = 000110000000000001100100011000000
Cache hit: hit_count = 119
current_instr = 000110000000000001100100011000000
Cache hit: hit_count = 120
current_instr = 100110000000000001100100011000000
Cache hit: hit_count = 121
current_instr = 000110000000000001100100010110000
Cache miss: miss_count =  43
current_instr = 100011111111111111111111011111000
Cache miss: miss_count =  44
current_instr = 100011111111111111111111100000000
Cache miss: miss_count =  45
current_instr = 100011111111111111111111011110000
Cache hit: hit_count = 122
current_instr = 000011111111111111111111011110000
Cache hit: hit_count = 123
current_instr = 100011111111111111111111011011000
Cache miss: miss_count =  46
current_instr = 100011111111111111111111011100000
Cache miss: miss_count =  47
current_instr = 100011111111111111111111011101000
Cache hit: hit_count = 124
current_instr = 100011111111111111111111011010000
Cache hit: hit_count = 125
current_instr = 000110000000000001100100100111000
Cache hit: hit_count = 126
current_instr = 000110000000000001000111001110000
Cache miss: miss_count =  48
current_instr = 000110000000000001000111111000000
Cache miss: miss_count =  49
current_instr = 000011111111111111111111011010000
Cache hit: hit_count = 127
current_instr = 000011111111111111111111011000000
Cache miss: miss_count =  50
current_instr = 100011111111111111111111011000000
Cache hit: hit_count = 128
current_instr = 000110000000000000011010011001000
Cache miss: miss_count =  51
current_instr = 000110000000000001100100100011000
Cache miss: miss_count =  52
current_instr = 100110000000000001100100100011000
Cache hit: hit_count = 129
current_instr = 000110000000000001000111110110000
Cache miss: miss_count =  53
current_instr = 000011111111111111111111011000000
Cache hit: hit_count = 130
current_instr = 100011111111111111111111010101000
Cache miss: miss_count =  54
current_instr = 000110000000000001100100011100000
Cache miss: miss_count =  55
current_instr = 100011111111111111111111010110000
Cache miss: miss_count =  56
current_instr = 100011111111111111111111010111000
Cache hit: hit_count = 131
current_instr = 100011111111111111111111010100000
Cache hit: hit_count = 132
current_instr = 100011111111111111111111010001000
Cache miss: miss_count =  57
current_instr = 100011111111111111111111010010000
Cache miss: miss_count =  58
current_instr = 100011111111111111111111010000000
Cache hit: hit_count = 133
current_instr = 000110000000000001001101110101000
Cache miss: miss_count =  59
current_instr = 000110000000000000100001011010000
Cache miss: miss_count =  60
current_instr = 000110000000000000100100000011000
Cache miss: miss_count =  61
current_instr = 000011111111111111111111010001000
Cache hit: hit_count = 134
current_instr = 000011111111111111111111010100000
Cache hit: hit_count = 135
current_instr = 000110000000000001000111110100000
Cache miss: miss_count =  62
current_instr = 000110000000000000011100101101000
Cache miss: miss_count =  63
current_instr = 000110000000000000011010011100000
Cache miss: miss_count =  64
current_instr = 000000011000000000000100011110110
Cache miss: miss_count =  65
current_instr = 000000000000000000000000000000000
