INFO: [VRFC 10-2263] Analyzing Verilog file "/home/eelfire/iitgn/2_i/ES203/project/id-8/Cache-Controller-FPGA/Cache-Controller-FPGA.sim/sim_1/impl/timing/xsim/TopModuleTB_time_impl.v" into library xil_defaultlib
INFO: [VRFC 10-311] analyzing module BcdDisplay
INFO: [VRFC 10-311] analyzing module ClockDivider
INFO: [VRFC 10-311] analyzing module TopModule
INFO: [VRFC 10-311] analyzing module bram
INFO: [VRFC 10-311] analyzing module bram_blk_mem_gen_0_0
INFO: [VRFC 10-311] analyzing module bram_wrapper
INFO: [VRFC 10-311] analyzing module bram_blk_mem_gen_0_0_bindec
INFO: [VRFC 10-311] analyzing module bram_blk_mem_gen_0_0_blk_mem_gen_generic_cstr
INFO: [VRFC 10-311] analyzing module bram_blk_mem_gen_0_0_blk_mem_gen_mux
INFO: [VRFC 10-311] analyzing module bram_blk_mem_gen_0_0_blk_mem_gen_prim_width
INFO: [VRFC 10-311] analyzing module bram_blk_mem_gen_0_0_blk_mem_gen_prim_width__parameterized0
INFO: [VRFC 10-311] analyzing module bram_blk_mem_gen_0_0_blk_mem_gen_prim_width__parameterized1
INFO: [VRFC 10-311] analyzing module bram_blk_mem_gen_0_0_blk_mem_gen_prim_width__parameterized3
INFO: [VRFC 10-311] analyzing module bram_blk_mem_gen_0_0_blk_mem_gen_prim_wrapper_init
INFO: [VRFC 10-311] analyzing module bram_blk_mem_gen_0_0_blk_mem_gen_prim_wrapper_init__parameterized0
INFO: [VRFC 10-311] analyzing module bram_blk_mem_gen_0_0_blk_mem_gen_prim_wrapper_init__parameterized1
INFO: [VRFC 10-311] analyzing module bram_blk_mem_gen_0_0_blk_mem_gen_prim_wrapper_init__parameterized3
INFO: [VRFC 10-311] analyzing module bram_blk_mem_gen_0_0_blk_mem_gen_top
INFO: [VRFC 10-311] analyzing module bram_blk_mem_gen_0_0_blk_mem_gen_v8_4_5
INFO: [VRFC 10-311] analyzing module bram_blk_mem_gen_0_0_blk_mem_gen_v8_4_5_synth
INFO: [VRFC 10-311] analyzing module glbl
INFO: [VRFC 10-2263] Analyzing Verilog file "/home/eelfire/iitgn/2_i/ES203/project/id-8/Cache-Controller-FPGA/Cache-Controller-FPGA.srcs/sim_1/new/TopModuleTB.v" into library xil_defaultlib
INFO: [VRFC 10-311] analyzing module TopModuleTB
